<?xml version="1.0" encoding="UTF-8"?>
<testsuite xmlns:xsi="http://www.w3.org/2001/XMLSchema-instance" xsi:noNamespaceSchemaLocation="https://maven.apache.org/surefire/maven-surefire-plugin/xsd/surefire-test-report-3.0.xsd" version="3.0" name="kaamkaj.TestDemo" time="0.042" tests="8" errors="0" skipped="0" failures="0">
  <properties>
    <property name="java.specification.version" value="17"/>
    <property name="sun.jnu.encoding" value="UTF-8"/>
    <property name="java.class.path" value="/home/administrator/Desktop/003/kaamkaj/target/test-classes:/home/administrator/Desktop/003/kaamkaj/target/classes:/home/administrator/.m2/repository/junit/junit/4.13.2/junit-4.13.2.jar:/home/administrator/.m2/repository/org/hamcrest/hamcrest-core/1.3/hamcrest-core-1.3.jar:"/>
    <property name="java.vm.vendor" value="Eclipse Adoptium"/>
    <property name="sun.arch.data.model" value="64"/>
    <property name="java.vendor.url" value="https://adoptium.net/"/>
    <property name="os.name" value="Linux"/>
    <property name="java.vm.specification.version" value="17"/>
    <property name="sun.java.launcher" value="SUN_STANDARD"/>
    <property name="user.country" value="IN"/>
    <property name="sun.boot.library.path" value="/home/administrator/.p2/pool/plugins/org.eclipse.justj.openjdk.hotspot.jre.full.linux.x86_64_17.0.10.v20240120-1143/jre/lib"/>
    <property name="sun.java.command" value="/home/administrator/Desktop/003/kaamkaj/target/surefire/surefirebooter-20250307101004590_3.jar /home/administrator/Desktop/003/kaamkaj/target/surefire 2025-03-07T10-10-02_539-jvmRun1 surefire-20250307101004590_1tmp surefire_0-20250307101004590_2tmp"/>
    <property name="jdk.debug" value="release"/>
    <property name="surefire.test.class.path" value="/home/administrator/Desktop/003/kaamkaj/target/test-classes:/home/administrator/Desktop/003/kaamkaj/target/classes:/home/administrator/.m2/repository/junit/junit/4.13.2/junit-4.13.2.jar:/home/administrator/.m2/repository/org/hamcrest/hamcrest-core/1.3/hamcrest-core-1.3.jar:"/>
    <property name="sun.cpu.endian" value="little"/>
    <property name="user.home" value="/home/administrator"/>
    <property name="user.language" value="en"/>
    <property name="java.specification.vendor" value="Oracle Corporation"/>
    <property name="java.version.date" value="2024-01-16"/>
    <property name="java.home" value="/home/administrator/.p2/pool/plugins/org.eclipse.justj.openjdk.hotspot.jre.full.linux.x86_64_17.0.10.v20240120-1143/jre"/>
    <property name="file.separator" value="/"/>
    <property name="style.color" value="always"/>
    <property name="basedir" value="/home/administrator/Desktop/003/kaamkaj"/>
    <property name="java.vm.compressedOopsMode" value="32-bit"/>
    <property name="line.separator" value="&#10;"/>
    <property name="java.vm.specification.vendor" value="Oracle Corporation"/>
    <property name="java.specification.name" value="Java Platform API Specification"/>
    <property name="surefire.real.class.path" value="/home/administrator/Desktop/003/kaamkaj/target/surefire/surefirebooter-20250307101004590_3.jar"/>
    <property name="sun.management.compiler" value="HotSpot 64-Bit Tiered Compilers"/>
    <property name="java.runtime.version" value="17.0.10+7"/>
    <property name="user.name" value="administrator"/>
    <property name="path.separator" value=":"/>
    <property name="os.version" value="5.4.0-176-generic"/>
    <property name="java.runtime.name" value="OpenJDK Runtime Environment"/>
    <property name="file.encoding" value="UTF-8"/>
    <property name="java.vm.name" value="OpenJDK 64-Bit Server VM"/>
    <property name="java.vendor.version" value="Temurin-17.0.10+7"/>
    <property name="localRepository" value="/home/administrator/.m2/repository"/>
    <property name="java.vendor.url.bug" value="https://github.com/adoptium/adoptium-support/issues"/>
    <property name="java.io.tmpdir" value="/tmp"/>
    <property name="java.version" value="17.0.10"/>
    <property name="user.dir" value="/home/administrator/Desktop/003/kaamkaj"/>
    <property name="os.arch" value="amd64"/>
    <property name="java.vm.specification.name" value="Java Virtual Machine Specification"/>
    <property name="native.encoding" value="UTF-8"/>
    <property name="java.library.path" value="/usr/java/packages/lib:/usr/lib64:/lib64:/lib:/usr/lib"/>
    <property name="java.vm.info" value="mixed mode"/>
    <property name="java.vendor" value="Eclipse Adoptium"/>
    <property name="java.vm.version" value="17.0.10+7"/>
    <property name="sun.io.unicode.encoding" value="UnicodeLittle"/>
    <property name="java.class.version" value="61.0"/>
  </properties>
  <testcase name="testDivideByZero" classname="kaamkaj.TestDemo" time="0.002"/>
  <testcase name="testAdd" classname="kaamkaj.TestDemo" time="0"/>
  <testcase name="testSubtract" classname="kaamkaj.TestDemo" time="0"/>
  <testcase name="testPower" classname="kaamkaj.TestDemo" time="0"/>
  <testcase name="testDivide" classname="kaamkaj.TestDemo" time="0"/>
  <testcase name="testMultiply" classname="kaamkaj.TestDemo" time="0"/>
  <testcase name="testModulo" classname="kaamkaj.TestDemo" time="0.001"/>
  <testcase name="testModuloByZero" classname="kaamkaj.TestDemo" time="0"/>
</testsuite>